\BOOKMARK [1][-]{section.1}{Documenta\347\343o da solu\347\343o}{}% 1
\BOOKMARK [2][-]{subsection.1.1}{Main}{section.1}% 2
\BOOKMARK [2][-]{subsection.1.2}{Coord}{section.1}% 3
\BOOKMARK [3][-]{subsubsection.1.2.1}{Atributos}{subsection.1.2}% 4
\BOOKMARK [3][-]{subsubsection.1.2.2}{M\351todos}{subsection.1.2}% 5
\BOOKMARK [2][-]{subsection.1.3}{Client}{section.1}% 6
\BOOKMARK [3][-]{subsubsection.1.3.1}{Atributos}{subsection.1.3}% 7
\BOOKMARK [3][-]{subsubsection.1.3.2}{M\351todos}{subsection.1.3}% 8
\BOOKMARK [2][-]{subsection.1.4}{Taxi}{section.1}% 9
\BOOKMARK [3][-]{subsubsection.1.4.1}{Atributos}{subsection.1.4}% 10
\BOOKMARK [3][-]{subsubsection.1.4.2}{M\351todos}{subsection.1.4}% 11
\BOOKMARK [2][-]{subsection.1.5}{Central}{section.1}% 12
\BOOKMARK [3][-]{subsubsection.1.5.1}{Atributos}{subsection.1.5}% 13
\BOOKMARK [3][-]{subsubsection.1.5.2}{M\351todos}{subsection.1.5}% 14
\BOOKMARK [1][-]{section.2}{Utiliza\347\343o da aplica\347\343o}{}% 15
\BOOKMARK [2][-]{subsection.2.1}{Compila\347\343o}{section.2}% 16
\BOOKMARK [2][-]{subsection.2.2}{Gerador de casos de teste}{section.2}% 17
\BOOKMARK [2][-]{subsection.2.3}{Entrada do programa}{section.2}% 18
\BOOKMARK [2][-]{subsection.2.4}{Sa\355da do programa}{section.2}% 19
\BOOKMARK [1][-]{section.3}{Relat\363rio de execu\347\343o}{}% 20
\BOOKMARK [2][-]{subsection.3.1}{Descri\347\343o dos testes realizados e resultados obtidos}{section.3}% 21
\BOOKMARK [2][-]{subsection.3.2}{Dificuldades encontradas e estrat\351gias adotadas}{section.3}% 22
